<?xml version="1.0" encoding="UTF-8" ?>
<testsuite tests="6" failures="2" name="TestSuite" time="115.817" errors="0" skipped="0">
  <properties>
[...]
</properties>
  <testcase classname="com.qa.HubspotTestCases.HubSpotHomeTest" name="getHomePageTitleTest" time="50.16">
    <failure message="Expected condition failed: waiting for title to be &quot;HubSpot Login&quot;. Current title: &quot;Reports dashboard&quot; (tried for 50 second(s) with 500 milliseconds interval)
Build info: version: &apos;3.141.59&apos;, revision: &apos;e82be7d358&apos;, time: &apos;2018-11-14T08:17:03&apos;
System info: host: &apos;AbolisMacBook-Pro.local&apos;, ip: &apos;fe80:0:0:0:14cd:303a:d0e8:8be%en0&apos;, os.name: &apos;Mac OS X&apos;, os.arch: &apos;x86_64&apos;, os.version: &apos;10.15.3&apos;, java.version: &apos;1.8.0_211&apos;
Driver info: org.openqa.selenium.chrome.ChromeDriver
Capabilities {acceptInsecureCerts: false, browserName: chrome, browserVersion: 81.0.4044.92, chrome: {chromedriverVersion: 80.0.3987.106 (f68069574609..., userDataDir: /var/folders/gf/rkb70w0d64l...}, goog:chromeOptions: {debuggerAddress: localhost:64936}, javascriptEnabled: true, networkConnectionEnabled: false, pageLoadStrategy: normal, platform: MAC, platformName: MAC, proxy: Proxy(), setWindowRect: true, strictFileInteractability: false, timeouts: {implicit: 0, pageLoad: 300000, script: 30000}, unhandledPromptBehavior: dismiss and notify}
Session ID: 6a42ef982133c7fceea65bd75072c12b" type="org.openqa.selenium.TimeoutException">org.openqa.selenium.TimeoutException: Expected condition failed: waiting for title to be &quot;HubSpot Login&quot;. Current title: &quot;Reports dashboard&quot; (tried for 50 second(s) with 500 milliseconds interval)
Build info: version: &apos;3.141.59&apos;, revision: &apos;e82be7d358&apos;, time: &apos;2018-11-14T08:17:03&apos;
System info: host: &apos;AbolisMacBook-Pro.local&apos;, ip: &apos;fe80:0:0:0:14cd:303a:d0e8:8be%en0&apos;, os.name: &apos;Mac OS X&apos;, os.arch: &apos;x86_64&apos;, os.version: &apos;10.15.3&apos;, java.version: &apos;1.8.0_211&apos;
Driver info: org.openqa.selenium.chrome.ChromeDriver
Capabilities {acceptInsecureCerts: false, browserName: chrome, browserVersion: 81.0.4044.92, chrome: {chromedriverVersion: 80.0.3987.106 (f68069574609..., userDataDir: /var/folders/gf/rkb70w0d64l...}, goog:chromeOptions: {debuggerAddress: localhost:64936}, javascriptEnabled: true, networkConnectionEnabled: false, pageLoadStrategy: normal, platform: MAC, platformName: MAC, proxy: Proxy(), setWindowRect: true, strictFileInteractability: false, timeouts: {implicit: 0, pageLoad: 300000, script: 30000}, unhandledPromptBehavior: dismiss and notify}
Session ID: 6a42ef982133c7fceea65bd75072c12b
	at org.openqa.selenium.support.ui.WebDriverWait.timeoutException(WebDriverWait.java:95)
	at org.openqa.selenium.support.ui.FluentWait.until(FluentWait.java:272)
	at com.qa.HubSpotUtil.ElementsUtil.waitForTitle(ElementsUtil.java:38)
	at com.qa.HubSpotUIPages.HubSpotHomePage.getHomePageTitle(HubSpotHomePage.java:30)
	at com.qa.HubspotTestCases.HubSpotHomeTest.getHomePageTitleTest(HubSpotHomeTest.java:47)
</failure>
    <system-out>Configuring TestNG with: org.apache.maven.surefire.testng.conf.TestNG652Configurator@1517365b
 Browser name is : chrome
 Browser name is : chrome
</system-out>
    <system-err>Starting ChromeDriver 80.0.3987.106 (f68069574609230cf9b635cd784cfb1bf81bb53a-refs/branch-heads/3987@{#882}) on port 1502
Only local connections are allowed.
Please protect ports used by ChromeDriver and related test frameworks to prevent access by malicious code.
[1586604299.221][WARNING]: This version of ChromeDriver has not been tested with Chrome version 81.
Apr 11, 2020 4:54:59 PM org.openqa.selenium.remote.ProtocolHandshake createSession
INFO: Detected dialect: W3C
[1586604300.851][SEVERE]: Timed out receiving message from renderer: 0.100
[1586604300.952][SEVERE]: Timed out receiving message from renderer: 0.100
[1586604301.054][SEVERE]: Timed out receiving message from renderer: 0.100
[1586604307.505][SEVERE]: Timed out receiving message from renderer: 0.100
[1586604307.607][SEVERE]: Timed out receiving message from renderer: 0.100
[1586604307.718][SEVERE]: Timed out receiving message from renderer: 0.100
[1586604307.821][SEVERE]: Timed out receiving message from renderer: 0.100
Starting ChromeDriver 80.0.3987.106 (f68069574609230cf9b635cd784cfb1bf81bb53a-refs/branch-heads/3987@{#882}) on port 29438
Only local connections are allowed.
Please protect ports used by ChromeDriver and related test frameworks to prevent access by malicious code.
[1586604311.866][WARNING]: This version of ChromeDriver has not been tested with Chrome version 81.
Apr 11, 2020 4:55:11 PM org.openqa.selenium.remote.ProtocolHandshake createSession
INFO: Detected dialect: W3C
[1586604314.741][SEVERE]: Timed out receiving message from renderer: 0.100
[1586604314.841][SEVERE]: Timed out receiving message from renderer: 0.100
[1586604314.942][SEVERE]: Timed out receiving message from renderer: 0.100
[1586604315.044][SEVERE]: Timed out receiving message from renderer: 0.100
[1586604315.145][SEVERE]: Timed out receiving message from renderer: 0.100
[1586604315.252][SEVERE]: Timed out receiving message from renderer: 0.100
</system-err>
  </testcase>
  <testcase classname="com.qa.HubspotTestCases.HubSpotHomeTest" name="homePageHeaderTest" time="0.708"/>
  <testcase classname="com.qa.HubspotTestCases.HubSpotLoginTest" name="verifyLoginPageTitle" time="50.467">
    <failure message="Expected condition failed: waiting for title to be &quot;HubSpot | Redirecting...&quot;. Current title: &quot;HubSpot Login&quot; (tried for 50 second(s) with 500 milliseconds interval)
Build info: version: &apos;3.141.59&apos;, revision: &apos;e82be7d358&apos;, time: &apos;2018-11-14T08:17:03&apos;
System info: host: &apos;AbolisMacBook-Pro.local&apos;, ip: &apos;fe80:0:0:0:14cd:303a:d0e8:8be%en0&apos;, os.name: &apos;Mac OS X&apos;, os.arch: &apos;x86_64&apos;, os.version: &apos;10.15.3&apos;, java.version: &apos;1.8.0_211&apos;
Driver info: org.openqa.selenium.chrome.ChromeDriver
Capabilities {acceptInsecureCerts: false, browserName: chrome, browserVersion: 81.0.4044.92, chrome: {chromedriverVersion: 80.0.3987.106 (f68069574609..., userDataDir: /var/folders/gf/rkb70w0d64l...}, goog:chromeOptions: {debuggerAddress: localhost:65014}, javascriptEnabled: true, networkConnectionEnabled: false, pageLoadStrategy: normal, platform: MAC, platformName: MAC, proxy: Proxy(), setWindowRect: true, strictFileInteractability: false, timeouts: {implicit: 0, pageLoad: 300000, script: 30000}, unhandledPromptBehavior: dismiss and notify}
Session ID: 8baf9066800300fc88a9859edb6ab394" type="org.openqa.selenium.TimeoutException">org.openqa.selenium.TimeoutException: Expected condition failed: waiting for title to be &quot;HubSpot | Redirecting...&quot;. Current title: &quot;HubSpot Login&quot; (tried for 50 second(s) with 500 milliseconds interval)
Build info: version: &apos;3.141.59&apos;, revision: &apos;e82be7d358&apos;, time: &apos;2018-11-14T08:17:03&apos;
System info: host: &apos;AbolisMacBook-Pro.local&apos;, ip: &apos;fe80:0:0:0:14cd:303a:d0e8:8be%en0&apos;, os.name: &apos;Mac OS X&apos;, os.arch: &apos;x86_64&apos;, os.version: &apos;10.15.3&apos;, java.version: &apos;1.8.0_211&apos;
Driver info: org.openqa.selenium.chrome.ChromeDriver
Capabilities {acceptInsecureCerts: false, browserName: chrome, browserVersion: 81.0.4044.92, chrome: {chromedriverVersion: 80.0.3987.106 (f68069574609..., userDataDir: /var/folders/gf/rkb70w0d64l...}, goog:chromeOptions: {debuggerAddress: localhost:65014}, javascriptEnabled: true, networkConnectionEnabled: false, pageLoadStrategy: normal, platform: MAC, platformName: MAC, proxy: Proxy(), setWindowRect: true, strictFileInteractability: false, timeouts: {implicit: 0, pageLoad: 300000, script: 30000}, unhandledPromptBehavior: dismiss and notify}
Session ID: 8baf9066800300fc88a9859edb6ab394
	at org.openqa.selenium.support.ui.WebDriverWait.timeoutException(WebDriverWait.java:95)
	at org.openqa.selenium.support.ui.FluentWait.until(FluentWait.java:272)
	at com.qa.HubSpotUtil.ElementsUtil.waitForTitle(ElementsUtil.java:38)
	at com.qa.HubSpotUIPages.HubSpotLoginPage.getTitle(HubSpotLoginPage.java:33)
	at com.qa.HubspotTestCases.HubSpotLoginTest.verifyLoginPageTitle(HubSpotLoginTest.java:47)
</failure>
  </testcase>
  <testcase classname="com.qa.HubspotTestCases.HubSpotLoginTest" name="verifySignUpLink" time="0.688"/>
  <testcase classname="com.qa.HubspotTestCases.HubSpotHomeTest" name="getUserNameTest" time="6.499"/>
  <testcase classname="com.qa.HubspotTestCases.HubSpotLoginTest" name="loginTest" time="7.295"/>
</testsuite>