<?xml version="1.0" encoding="UTF-8"?>
<testng-results skipped="0" failed="1" total="3" passed="2">
  <reporter-output>
  </reporter-output>
  <suite name="Default suite" duration-ms="106022" started-at="2020-04-13T07:16:08Z" finished-at="2020-04-13T07:17:54Z">
    <groups>
    </groups>
    <test name="Default test" duration-ms="106022" started-at="2020-04-13T07:16:08Z" finished-at="2020-04-13T07:17:54Z">
      <class name="com.qa.HubspotTestCases.HubSpotHomeTest">
        <test-method status="PASS" signature="setup()[pri:0, instance:com.qa.HubspotTestCases.HubSpotHomeTest@29ef6856]" name="setup" is-config="true" duration-ms="13442" started-at="2020-04-13T12:46:08Z" finished-at="2020-04-13T12:46:22Z">
          <reporter-output>
          </reporter-output>
        </test-method> <!-- setup -->
        <test-method status="FAIL" signature="getHomePageTitleTest()[pri:0, instance:com.qa.HubspotTestCases.HubSpotHomeTest@29ef6856]" name="getHomePageTitleTest" duration-ms="65112" started-at="2020-04-13T12:46:22Z" finished-at="2020-04-13T12:47:27Z">
          <exception class="org.openqa.selenium.TimeoutException">
            <message>
              <![CDATA[Expected condition failed: waiting for title to be "HubSpot Login". Current title: "Reports dashboard" (tried for 50 second(s) with 500 milliseconds interval)
Build info: version: '3.141.59', revision: 'e82be7d358', time: '2018-11-14T08:17:03'
System info: host: 'AbolisMacBook-Pro.local', ip: 'fe80:0:0:0:fc:ecc4:5405:df6e%en0', os.name: 'Mac OS X', os.arch: 'x86_64', os.version: '10.15.3', java.version: '1.8.0_211'
Driver info: org.openqa.selenium.chrome.ChromeDriver
Capabilities {acceptInsecureCerts: false, browserName: chrome, browserVersion: 81.0.4044.92, chrome: {chromedriverVersion: 80.0.3987.106 (f68069574609..., userDataDir: /var/folders/gf/rkb70w0d64l...}, goog:chromeOptions: {debuggerAddress: localhost:50392}, javascriptEnabled: true, networkConnectionEnabled: false, pageLoadStrategy: normal, platform: MAC, platformName: MAC, proxy: Proxy(), setWindowRect: true, strictFileInteractability: false, timeouts: {implicit: 0, pageLoad: 300000, script: 30000}, unhandledPromptBehavior: dismiss and notify}
Session ID: fdbf34b6adbb8a07d6921fc18dbe4e65]]>
            </message>
            <full-stacktrace>
              <![CDATA[org.openqa.selenium.TimeoutException: Expected condition failed: waiting for title to be "HubSpot Login". Current title: "Reports dashboard" (tried for 50 second(s) with 500 milliseconds interval)
Build info: version: '3.141.59', revision: 'e82be7d358', time: '2018-11-14T08:17:03'
System info: host: 'AbolisMacBook-Pro.local', ip: 'fe80:0:0:0:fc:ecc4:5405:df6e%en0', os.name: 'Mac OS X', os.arch: 'x86_64', os.version: '10.15.3', java.version: '1.8.0_211'
Driver info: org.openqa.selenium.chrome.ChromeDriver
Capabilities {acceptInsecureCerts: false, browserName: chrome, browserVersion: 81.0.4044.92, chrome: {chromedriverVersion: 80.0.3987.106 (f68069574609..., userDataDir: /var/folders/gf/rkb70w0d64l...}, goog:chromeOptions: {debuggerAddress: localhost:50392}, javascriptEnabled: true, networkConnectionEnabled: false, pageLoadStrategy: normal, platform: MAC, platformName: MAC, proxy: Proxy(), setWindowRect: true, strictFileInteractability: false, timeouts: {implicit: 0, pageLoad: 300000, script: 30000}, unhandledPromptBehavior: dismiss and notify}
Session ID: fdbf34b6adbb8a07d6921fc18dbe4e65
	at org.openqa.selenium.support.ui.WebDriverWait.timeoutException(WebDriverWait.java:95)
	at org.openqa.selenium.support.ui.FluentWait.until(FluentWait.java:272)
	at com.qa.HubSpotUtil.ElementsUtil.waitForTitle(ElementsUtil.java:38)
	at com.qa.HubSpotUIPages.HubSpotHomePage.getHomePageTitle(HubSpotHomePage.java:30)
	at com.qa.HubspotTestCases.HubSpotHomeTest.getHomePageTitleTest(HubSpotHomeTest.java:47)
	at sun.reflect.NativeMethodAccessorImpl.invoke0(Native Method)
	at sun.reflect.NativeMethodAccessorImpl.invoke(NativeMethodAccessorImpl.java:62)
	at sun.reflect.DelegatingMethodAccessorImpl.invoke(DelegatingMethodAccessorImpl.java:43)
	at java.lang.reflect.Method.invoke(Method.java:498)
	at org.testng.internal.MethodInvocationHelper.invokeMethod(MethodInvocationHelper.java:80)
	at org.testng.internal.Invoker.invokeMethod(Invoker.java:714)
	at org.testng.internal.Invoker.invokeTestMethod(Invoker.java:901)
	at org.testng.internal.Invoker.invokeTestMethods(Invoker.java:1231)
	at org.testng.internal.TestMethodWorker.invokeTestMethods(TestMethodWorker.java:127)
	at org.testng.internal.TestMethodWorker.run(TestMethodWorker.java:111)
	at org.testng.TestRunner.privateRun(TestRunner.java:767)
	at org.testng.TestRunner.run(TestRunner.java:617)
	at org.testng.SuiteRunner.runTest(SuiteRunner.java:334)
	at org.testng.SuiteRunner.runSequentially(SuiteRunner.java:329)
	at org.testng.SuiteRunner.privateRun(SuiteRunner.java:291)
	at org.testng.SuiteRunner.run(SuiteRunner.java:240)
	at org.testng.SuiteRunnerWorker.runSuite(SuiteRunnerWorker.java:52)
	at org.testng.SuiteRunnerWorker.run(SuiteRunnerWorker.java:86)
	at org.testng.TestNG.runSuitesSequentially(TestNG.java:1198)
	at org.testng.TestNG.runSuitesLocally(TestNG.java:1123)
	at org.testng.TestNG.run(TestNG.java:1031)
	at org.testng.remote.AbstractRemoteTestNG.run(AbstractRemoteTestNG.java:115)
	at org.testng.remote.RemoteTestNG.initAndRun(RemoteTestNG.java:251)
	at org.testng.remote.RemoteTestNG.main(RemoteTestNG.java:77)
]]>
            </full-stacktrace>
          </exception> <!-- org.openqa.selenium.TimeoutException -->
          <reporter-output>
          </reporter-output>
        </test-method> <!-- getHomePageTitleTest -->
        <test-method status="PASS" signature="homePageHeaderTest()[pri:0, instance:com.qa.HubspotTestCases.HubSpotHomeTest@29ef6856]" name="homePageHeaderTest" duration-ms="10771" started-at="2020-04-13T12:47:32Z" finished-at="2020-04-13T12:47:43Z">
          <reporter-output>
          </reporter-output>
        </test-method> <!-- homePageHeaderTest -->
        <test-method status="PASS" signature="getUserNameTest()[pri:0, instance:com.qa.HubspotTestCases.HubSpotHomeTest@29ef6856]" name="getUserNameTest" duration-ms="11439" started-at="2020-04-13T12:47:43Z" finished-at="2020-04-13T12:47:54Z">
          <reporter-output>
          </reporter-output>
        </test-method> <!-- getUserNameTest -->
        <test-method status="PASS" signature="tearDown()[pri:0, instance:com.qa.HubspotTestCases.HubSpotHomeTest@29ef6856]" name="tearDown" is-config="true" duration-ms="103" started-at="2020-04-13T12:47:54Z" finished-at="2020-04-13T12:47:54Z">
          <reporter-output>
          </reporter-output>
        </test-method> <!-- tearDown -->
      </class> <!-- com.qa.HubspotTestCases.HubSpotHomeTest -->
    </test> <!-- Default test -->
  </suite> <!-- Default suite -->
</testng-results>
